<?xml version="1.0" encoding="UTF-8"?>
<robot generator="Robot 4.0.1 (Python 3.8.2 on win32)" generated="20210901 18:12:43.916" rpa="false" schemaversion="2">
<suite id="s1" name="Tags" source="D:\workspace_python\robot101\SeleniumCases\Tags">
<suite id="s1-s1" name="TC RadioButtonCheckBoxLinkTextBox" source="D:\workspace_python\robot101\SeleniumCases\Tags\TC_RadioButtonCheckBoxLinkTextBox.robot">
<test id="s1-s1-t1" name="TC_001 Robot First Test Case">
<kw name="Open Browser" library="SeleniumLibrary">
<arg>${URL}</arg>
<arg>${Browser}</arg>
<doc>Opens a new browser instance to the optional ``url``.</doc>
<msg timestamp="20210901 18:12:44.114" level="INFO">Opening browser 'chrome' to base url 'https://thetestingworld.com/testings/'.</msg>
<status status="PASS" starttime="20210901 18:12:44.114" endtime="20210901 18:12:47.436"/>
</kw>
<kw name="Maximize Browser Window" library="SeleniumLibrary">
<doc>Maximizes current browser window.</doc>
<status status="PASS" starttime="20210901 18:12:47.436" endtime="20210901 18:12:47.551"/>
</kw>
<kw name="Input Text" library="SeleniumLibrary">
<arg>name:fld_username</arg>
<arg>Jack Jones</arg>
<doc>Types the given ``text`` into the text field identified by ``locator``.</doc>
<msg timestamp="20210901 18:12:47.552" level="INFO">Typing text 'Jack Jones' into text field 'name:fld_username'.</msg>
<status status="PASS" starttime="20210901 18:12:47.551" endtime="20210901 18:12:47.625"/>
</kw>
<kw name="Input Text" library="SeleniumLibrary">
<arg>xpath://input[@name='fld_email']</arg>
<arg>test@gmail.com</arg>
<doc>Types the given ``text`` into the text field identified by ``locator``.</doc>
<msg timestamp="20210901 18:12:47.626" level="INFO">Typing text 'test@gmail.com' into text field 'xpath://input[@name='fld_email']'.</msg>
<status status="PASS" starttime="20210901 18:12:47.626" endtime="20210901 18:12:47.690"/>
</kw>
<kw name="Select Radio Button" library="SeleniumLibrary">
<arg>add_type</arg>
<arg>office</arg>
<doc>Sets the radio button group ``group_name`` to ``value``.</doc>
<msg timestamp="20210901 18:12:47.690" level="INFO">Selecting 'office' from radio button 'add_type'.</msg>
<status status="PASS" starttime="20210901 18:12:47.690" endtime="20210901 18:12:47.732"/>
</kw>
<kw name="Clear Element Text" library="SeleniumLibrary">
<arg>name:fld_username</arg>
<doc>Clears the value of the text-input-element identified by ``locator``.</doc>
<status status="PASS" starttime="20210901 18:12:47.733" endtime="20210901 18:12:47.750"/>
</kw>
<kw name="Select Checkbox" library="SeleniumLibrary">
<arg>name:terms</arg>
<doc>Selects the checkbox identified by ``locator``.</doc>
<msg timestamp="20210901 18:12:47.751" level="INFO">Selecting checkbox 'name:terms'.</msg>
<status status="PASS" starttime="20210901 18:12:47.751" endtime="20210901 18:12:47.807"/>
</kw>
<kw name="Click Link" library="SeleniumLibrary">
<arg>xpath://a[contains(text(),'Read Detail')]</arg>
<doc>Clicks a link identified by ``locator``.</doc>
<msg timestamp="20210901 18:12:47.808" level="INFO">Clicking link 'xpath://a[contains(text(),'Read Detail')]'.</msg>
<status status="PASS" starttime="20210901 18:12:47.808" endtime="20210901 18:12:47.859"/>
</kw>
<doc>Example for Rabio Button, CheckBox,Link and TextBox</doc>
<tag>Regression</tag>
<tag>Sanity</tag>
<status status="PASS" starttime="20210901 18:12:44.113" endtime="20210901 18:12:47.860"/>
</test>
<status status="PASS" starttime="20210901 18:12:43.941" endtime="20210901 18:12:47.861"/>
</suite>
<suite id="s1-s2" name="testCaseLevel" source="D:\workspace_python\robot101\SeleniumCases\Tags\testCaseLevel.robot">
<test id="s1-s2-t1" name="TC_001 Robot First Test Case">
<kw name="Customized Start Browser and Maximize" library="BasicKeywords" type="SETUP">
<kw name="Open Browser" library="SeleniumLibrary">
<arg>${BASE_URL}</arg>
<arg>${Browser_Type}</arg>
<doc>Opens a new browser instance to the optional ``url``.</doc>
<msg timestamp="20210901 18:12:47.872" level="INFO">Opening browser 'chrome' to base url 'https://thetestingworld.com/testings'.</msg>
<status status="PASS" starttime="20210901 18:12:47.871" endtime="20210901 18:12:53.022"/>
</kw>
<kw name="Maximize Browser Window" library="SeleniumLibrary">
<doc>Maximizes current browser window.</doc>
<status status="PASS" starttime="20210901 18:12:53.022" endtime="20210901 18:12:53.148"/>
</kw>
<status status="PASS" starttime="20210901 18:12:47.871" endtime="20210901 18:12:53.148"/>
</kw>
<kw name="Input Text" library="SeleniumLibrary">
<arg>name:fld_username</arg>
<arg>Yasin</arg>
<doc>Types the given ``text`` into the text field identified by ``locator``.</doc>
<msg timestamp="20210901 18:12:53.149" level="INFO">Typing text 'Yasin' into text field 'name:fld_username'.</msg>
<status status="PASS" starttime="20210901 18:12:53.149" endtime="20210901 18:12:53.240"/>
</kw>
<kw name="Input Text" library="SeleniumLibrary">
<arg>name:fld_email</arg>
<arg>test@test.com</arg>
<doc>Types the given ``text`` into the text field identified by ``locator``.</doc>
<msg timestamp="20210901 18:12:53.241" level="INFO">Typing text 'test@test.com' into text field 'name:fld_email'.</msg>
<status status="PASS" starttime="20210901 18:12:53.241" endtime="20210901 18:12:53.313"/>
</kw>
<kw name="Input Text" library="SeleniumLibrary">
<arg>name:fld_password</arg>
<arg>123456</arg>
<doc>Types the given ``text`` into the text field identified by ``locator``.</doc>
<msg timestamp="20210901 18:12:53.314" level="INFO">Typing text '123456' into text field 'name:fld_password'.</msg>
<status status="PASS" starttime="20210901 18:12:53.313" endtime="20210901 18:12:53.372"/>
</kw>
<kw name="Input Text" library="SeleniumLibrary">
<arg>name:fld_cpassword</arg>
<arg>123456</arg>
<doc>Types the given ``text`` into the text field identified by ``locator``.</doc>
<msg timestamp="20210901 18:12:53.373" level="INFO">Typing text '123456' into text field 'name:fld_cpassword'.</msg>
<status status="PASS" starttime="20210901 18:12:53.373" endtime="20210901 18:12:53.427"/>
</kw>
<kw name="Customized Close Browser Window" library="BasicKeywords" type="TEARDOWN">
<kw name="Get Title" library="SeleniumLibrary">
<var>${title}</var>
<doc>Returns the title of the current page.</doc>
<msg timestamp="20210901 18:12:53.431" level="INFO">${title} = Login &amp; Sign Up Forms</msg>
<status status="PASS" starttime="20210901 18:12:53.428" endtime="20210901 18:12:53.431"/>
</kw>
<kw name="Log" library="BuiltIn">
<arg>${title}</arg>
<doc>Logs the given message with the given level.</doc>
<msg timestamp="20210901 18:12:53.432" level="INFO">Login &amp; Sign Up Forms</msg>
<status status="PASS" starttime="20210901 18:12:53.431" endtime="20210901 18:12:53.432"/>
</kw>
<kw name="Close Browser" library="SeleniumLibrary">
<doc>Closes the current browser.</doc>
<status status="PASS" starttime="20210901 18:12:53.432" endtime="20210901 18:12:55.548"/>
</kw>
<status status="PASS" starttime="20210901 18:12:53.428" endtime="20210901 18:12:55.548"/>
</kw>
<tag>All_TC</tag>
<tag>DFLT</tag>
<status status="PASS" starttime="20210901 18:12:47.870" endtime="20210901 18:12:55.549"/>
</test>
<doc>Example for Test Case Level SetUp &amp; TearDown
Defalt Tags will work only if you do not apply any tag to particular test cases
Force Tags will work for all test cases. Does not matter test case have tags or not</doc>
<status status="PASS" starttime="20210901 18:12:47.862" endtime="20210901 18:12:55.550"/>
</suite>
<suite id="s1-s3" name="testSuiteLevel" source="D:\workspace_python\robot101\SeleniumCases\Tags\testSuiteLevel.robot">
<kw name="Before Each Test Suite" library="BasicKeywords" type="SETUP">
<kw name="Log" library="BuiltIn">
<arg>Test Suite Starts</arg>
<doc>Logs the given message with the given level.</doc>
<msg timestamp="20210901 18:12:55.559" level="INFO">Test Suite Starts</msg>
<status status="PASS" starttime="20210901 18:12:55.558" endtime="20210901 18:12:55.559"/>
</kw>
<status status="PASS" starttime="20210901 18:12:55.558" endtime="20210901 18:12:55.559"/>
</kw>
<test id="s1-s3-t1" name="TC_001 Robot First Test Case">
<kw name="Customized Start Browser and Maximize" library="BasicKeywords" type="SETUP">
<kw name="Open Browser" library="SeleniumLibrary">
<arg>${BASE_URL}</arg>
<arg>${Browser_Type}</arg>
<doc>Opens a new browser instance to the optional ``url``.</doc>
<msg timestamp="20210901 18:12:55.560" level="INFO">Opening browser 'chrome' to base url 'https://thetestingworld.com/testings'.</msg>
<status status="PASS" starttime="20210901 18:12:55.560" endtime="20210901 18:12:59.884"/>
</kw>
<kw name="Maximize Browser Window" library="SeleniumLibrary">
<doc>Maximizes current browser window.</doc>
<status status="PASS" starttime="20210901 18:12:59.884" endtime="20210901 18:13:00.008"/>
</kw>
<status status="PASS" starttime="20210901 18:12:55.559" endtime="20210901 18:13:00.008"/>
</kw>
<kw name="Input Text" library="SeleniumLibrary">
<arg>name:fld_username</arg>
<arg>Yasin</arg>
<doc>Types the given ``text`` into the text field identified by ``locator``.</doc>
<msg timestamp="20210901 18:13:00.010" level="INFO">Typing text 'Yasin' into text field 'name:fld_username'.</msg>
<status status="PASS" starttime="20210901 18:13:00.009" endtime="20210901 18:13:00.099"/>
</kw>
<kw name="Input Text" library="SeleniumLibrary">
<arg>name:fld_email</arg>
<arg>test@test.com</arg>
<doc>Types the given ``text`` into the text field identified by ``locator``.</doc>
<msg timestamp="20210901 18:13:00.100" level="INFO">Typing text 'test@test.com' into text field 'name:fld_email'.</msg>
<status status="PASS" starttime="20210901 18:13:00.100" endtime="20210901 18:13:00.165"/>
</kw>
<kw name="Input Text" library="SeleniumLibrary">
<arg>name:fld_password</arg>
<arg>123456</arg>
<doc>Types the given ``text`` into the text field identified by ``locator``.</doc>
<msg timestamp="20210901 18:13:00.166" level="INFO">Typing text '123456' into text field 'name:fld_password'.</msg>
<status status="PASS" starttime="20210901 18:13:00.165" endtime="20210901 18:13:00.224"/>
</kw>
<kw name="Input Text" library="SeleniumLibrary">
<arg>name:fld_cpassword</arg>
<arg>123456</arg>
<doc>Types the given ``text`` into the text field identified by ``locator``.</doc>
<msg timestamp="20210901 18:13:00.225" level="INFO">Typing text '123456' into text field 'name:fld_cpassword'.</msg>
<status status="PASS" starttime="20210901 18:13:00.225" endtime="20210901 18:13:00.279"/>
</kw>
<kw name="Customized Close Browser Window" library="BasicKeywords" type="TEARDOWN">
<kw name="Get Title" library="SeleniumLibrary">
<var>${title}</var>
<doc>Returns the title of the current page.</doc>
<msg timestamp="20210901 18:13:00.283" level="INFO">${title} = Login &amp; Sign Up Forms</msg>
<status status="PASS" starttime="20210901 18:13:00.280" endtime="20210901 18:13:00.283"/>
</kw>
<kw name="Log" library="BuiltIn">
<arg>${title}</arg>
<doc>Logs the given message with the given level.</doc>
<msg timestamp="20210901 18:13:00.283" level="INFO">Login &amp; Sign Up Forms</msg>
<status status="PASS" starttime="20210901 18:13:00.283" endtime="20210901 18:13:00.283"/>
</kw>
<kw name="Close Browser" library="SeleniumLibrary">
<doc>Closes the current browser.</doc>
<status status="PASS" starttime="20210901 18:13:00.283" endtime="20210901 18:13:02.388"/>
</kw>
<status status="PASS" starttime="20210901 18:13:00.279" endtime="20210901 18:13:02.388"/>
</kw>
<tag>All_TC</tag>
<tag>Smoke</tag>
<tag>T2T</tag>
<status status="PASS" starttime="20210901 18:12:55.559" endtime="20210901 18:13:02.389"/>
</test>
<kw name="After Each Test Suite" library="BasicKeywords" type="TEARDOWN">
<kw name="Log" library="BuiltIn">
<arg>Test Suite Ends</arg>
<doc>Logs the given message with the given level.</doc>
<msg timestamp="20210901 18:13:02.390" level="INFO">Test Suite Ends</msg>
<status status="PASS" starttime="20210901 18:13:02.390" endtime="20210901 18:13:02.390"/>
</kw>
<status status="PASS" starttime="20210901 18:13:02.390" endtime="20210901 18:13:02.391"/>
</kw>
<doc>In short, a test setup is something that is executed before each test case, and a test teardown is executed after each test case.
A suite setup is executed one time before running any of the suite's test cases or child test suites, and a test teardown is executed one time after them. All test suites can have a setup and a teardown;
Defalt Tags will work only if you do not apply any tag to particular test cases
Force Tags will work for all test cases. Does not matter test case have tags or not</doc>
<status status="PASS" starttime="20210901 18:12:55.552" endtime="20210901 18:13:02.391"/>
</suite>
<status status="PASS" starttime="20210901 18:12:43.919" endtime="20210901 18:13:02.393"/>
</suite>
<statistics>
<total>
<stat pass="3" fail="0" skip="0">All Tests</stat>
</total>
<tag>
<stat pass="2" fail="0" skip="0">All_TC</stat>
<stat pass="1" fail="0" skip="0">DFLT</stat>
<stat pass="1" fail="0" skip="0">Regression</stat>
<stat pass="1" fail="0" skip="0">Sanity</stat>
<stat pass="1" fail="0" skip="0">Smoke</stat>
<stat pass="1" fail="0" skip="0">T2T</stat>
</tag>
<suite>
<stat pass="3" fail="0" skip="0" id="s1" name="Tags">Tags</stat>
<stat pass="1" fail="0" skip="0" id="s1-s1" name="TC RadioButtonCheckBoxLinkTextBox">Tags.TC RadioButtonCheckBoxLinkTextBox</stat>
<stat pass="1" fail="0" skip="0" id="s1-s2" name="testCaseLevel">Tags.testCaseLevel</stat>
<stat pass="1" fail="0" skip="0" id="s1-s3" name="testSuiteLevel">Tags.testSuiteLevel</stat>
</suite>
</statistics>
<errors>
</errors>
</robot>
